Arguments: 
  /Users/saltyaom/.volta/tools/image/node/16.14.2/bin/node /Users/saltyaom/.volta/tools/image/yarn/1.22.18/bin/yarn.js init

PATH: 
  /Users/saltyaom/.volta/tools/image/yarn/1.22.18/bin:/Users/saltyaom/.volta/tools/image/node/16.14.2/bin:/Library/Frameworks/Mono.framework/Versions/Current/bin/:/Users/saltyaom/Library/pnpm:/Users/saltyaom/Documents/google-cloud-sdk/bin:/Users/saltyaom/.volta/bin:/usr/local/anaconda3/bin:/Users/saltyaom/Library/Android/sdk/platform-tools:/Users/saltyaom/Library/Android/sdk/tools:/Users/saltyaom/.local/bin:/cmdline-tools/tools/bin:/opt/homebrew/bin:/opt/homebrew/sbin:/usr/local/bin:/usr/bin:/bin:/usr/sbin:/sbin:/usr/local/MacGPG2/bin:/usr/local/share/dotnet:~/.dotnet/tools:/Library/Apple/usr/bin:/Users/saltyaom/.cargo/bin:/Users/saltyaom/.yarn/bin:/Users/saltyaom/flutter/bin:/Users/saltyaom/.pub-cache/bin:/Users/saltyaom/.dotnet/tools

Yarn version: 
  1.22.18

Node version: 
  16.14.2

Platform: 
  darwin arm64

Trace: 
  Error: canceled
      at Interface.<anonymous> (/Users/saltyaom/.volta/tools/image/yarn/1.22.18/lib/cli.js:137143:13)
      at Interface.emit (node:events:526:28)
      at Interface._ttyWrite (node:readline:1081:16)
      at ReadStream.onkeypress (node:readline:288:10)
      at ReadStream.emit (node:events:526:28)
      at emitKeys (node:internal/readline/utils:358:14)
      at emitKeys.next (<anonymous>)
      at ReadStream.onData (node:internal/readline/emitKeypressEvents:61:36)
      at ReadStream.emit (node:events:526:28)
      at addChunk (node:internal/streams/readable:315:12)

npm manifest: 
  {
      "name": "@saltyaom/yae",
      "version": "0.0.0",
      "description": "",
      "main": "bin/index.js",
      "bin": {
          "yae": "bin/index.js"
      },
      "scripts": {
          "dev": "ts-node src/index.ts",
          "build": "swc src -d bin",
          "test": "echo \"Error: no test specified\" && exit 1"
      },
      "keywords": [],
      "author": "",
      "license": "ISC",
      "dependencies": {
          "chalk": "4",
          "command-exists": "^1.2.9",
          "degit": "^2.8.4",
          "inquirer": "^8.2.4",
          "isomorphic-unfetch": "^3.1.0",
          "p-queue": "6",
          "rimraf": "^3.0.2",
          "tasuku": "^2.0.0"
      },
      "devDependencies": {
          "@swc/cli": "^0.1.57",
          "@swc/core": "^1.2.203",
          "@types/command-exists": "^1.2.0",
          "@types/degit": "^2.8.3",
          "@types/inquirer": "^8.2.1",
          "@types/node": "^17.0.43",
          "@types/rimraf": "^3.0.2",
          "ts-node": "^10.8.1",
          "typescript": "^4.7.3"
      }
  }

yarn manifest: 
  No manifest

Lockfile: 
  No lockfile
